[2024-09-21 22:01:12,746] multiqc                                            [DEBUG  ]  This is MultiQC v1.13
[2024-09-21 22:01:12,746] multiqc                                            [DEBUG  ]  Command used: /usr/local/bin/multiqc ./fastqc/ ./fastqc/
[2024-09-21 22:01:13,424] multiqc                                            [WARNING]  MultiQC Version v1.25 now available!
[2024-09-21 22:01:13,425] multiqc                                            [DEBUG  ]  Working dir : /home/avgulev_1
[2024-09-21 22:01:13,425] multiqc                                            [DEBUG  ]  Template    : default
[2024-09-21 22:01:13,425] multiqc                                            [DEBUG  ]  Running Python 3.10.12 (main, Sep 11 2024, 15:47:36) [GCC 11.4.0]
[2024-09-21 22:01:13,425] multiqc                                            [DEBUG  ]  Analysing modules: custom_content, ccs, ngsderive, purple, conpair, lima, peddy, somalier, methylQA, mosdepth, phantompeakqualtools, qualimap, preseq, quast, qorts, rna_seqc, rockhopper, rsem, rseqc, busco, bustools, goleft_indexcov, gffcompare, disambiguate, supernova, deeptools, sargasso, verifybamid, mirtrace, happy, mirtop, sambamba, homer, hops, macs2, theta2, snpeff, gatk, htseq, bcftools, featureCounts, fgbio, dragen, dedup, pbmarkdup, damageprofiler, biobambam2, jcvi, mtnucratio, picard, vep, sentieon, prokka, qc3C, nanostat, samblaster, samtools, sexdeterrmine, eigenstratdatabasetools, bamtools, jellyfish, vcftools, longranger, stacks, varscan2, snippy, bbmap, bismark, biscuit, hicexplorer, hicup, hicpro, salmon, kallisto, slamdunk, star, hisat2, tophat, bowtie2, bowtie1, snpsplit, odgi, pangolin, kat, leehom, adapterRemoval, clipandmerge, cutadapt, flexbar, kaiju, kraken, malt, trimmomatic, sickle, skewer, sortmerna, biobloomtools, fastq_screen, afterqc, fastp, fastqc, pychopper, pycoqc, minionqc, multivcfanalyzer, clusterflow, checkqc, bcl2fastq, bclconvert, interop, ivar, flash, seqyclean, optitype, whatshap
[2024-09-21 22:01:13,425] multiqc                                            [DEBUG  ]  Using temporary directory for creating report: /tmp/tmpo788fsu9
[2024-09-21 22:01:13,503] multiqc                                            [INFO   ]  Search path : /home/avgulev_1/fastqc
[2024-09-21 22:01:13,504] multiqc                                            [INFO   ]  Search path : /home/avgulev_1/fastqc
[2024-09-21 22:01:13,982] multiqc                                            [DEBUG  ]  Summary of files that were skipped by the search: [skipped_module_specific_max_filesize: 88] // [skipped_no_match: 8]
[2024-09-21 22:01:15,294] multiqc.plots.bargraph                             [DEBUG  ]  Using matplotlib version 3.6.0
[2024-09-21 22:01:15,295] multiqc.plots.linegraph                            [DEBUG  ]  Using matplotlib version 3.6.0
[2024-09-21 22:01:15,296] multiqc                                            [DEBUG  ]  No samples found: custom_content
[2024-09-21 22:01:15,318] multiqc.modules.fastqc.fastqc                      [DEBUG  ]  Skipping 'pe1_fastqc.zip' as already parsed 'pe1'
[2024-09-21 22:01:15,318] multiqc.modules.fastqc.fastqc                      [DEBUG  ]  Skipping 'me1_fastqc.zip' as already parsed 'me1'
[2024-09-21 22:01:15,318] multiqc.modules.fastqc.fastqc                      [DEBUG  ]  Skipping 'me2_fastqc.zip' as already parsed 'me2'
[2024-09-21 22:01:15,318] multiqc.modules.fastqc.fastqc                      [DEBUG  ]  Skipping 'pe2_fastqc.zip' as already parsed 'pe2'
[2024-09-21 22:01:15,318] multiqc.modules.fastqc.fastqc                      [INFO   ]  Found 4 reports
[2024-09-21 22:01:15,364] multiqc                                            [INFO   ]  Compressing plot data
[2024-09-21 22:01:15,403] multiqc                                            [INFO   ]  Report      : multiqc_report.html
[2024-09-21 22:01:15,403] multiqc                                            [INFO   ]  Data        : multiqc_data
[2024-09-21 22:01:15,403] multiqc                                            [DEBUG  ]  Moving data file from '/tmp/tmpo788fsu9/multiqc_data' to '/home/avgulev_1/multiqc_data'
[2024-09-21 22:01:15,475] multiqc                                            [INFO   ]  MultiQC complete
